
Showing logs for build [32mcb-kubecd-bdd-gh-1590029317-pr-vzl64-1[0m stage [32mfrom-build-pack[0m and container [32mstep-credential-initializer-2qhpz[0m
{"level":"info","ts":1590029940.5876436,"logger":"fallback-logger","caller":"logging/config.go:69","msg":"Fetch GitHub commit ID from kodata failed: open /var/run/ko/refs/heads/0.8.0-ns-support: no such file or directory"}
{"level":"info","ts":1590029940.588149,"logger":"fallback-logger","caller":"creds-init/main.go:40","msg":"Credentials initialized."}

Showing logs for build [32mcb-kubecd-bdd-gh-1590029317-pr-vzl64-1[0m stage [32mfrom-build-pack[0m and container [32mstep-working-dir-initializer-4pmph[0m
{"level":"info","ts":1590029941.5506628,"logger":"fallback-logger","caller":"logging/config.go:69","msg":"Fetch GitHub commit ID from kodata failed: open /var/run/ko/HEAD: no such file or directory"}
{"level":"info","ts":1590029941.5520687,"logger":"fallback-logger","caller":"bash/main.go:64","msg":"Successfully executed command \"sh -c mkdir -p /workspace/source\"; output "}

Showing logs for build [32mcb-kubecd-bdd-gh-1590029317-pr-vzl64-1[0m stage [32mfrom-build-pack[0m and container [32mstep-place-tools[0m

Showing logs for build [32mcb-kubecd-bdd-gh-1590029317-pr-vzl64-1[0m stage [32mfrom-build-pack[0m and container [32mstep-git-source-cb-kubecd-bdd-gh-1590029317-pr-vzl64-f2n8b[0m
{"level":"info","ts":1590029947.6582983,"logger":"fallback-logger","caller":"logging/config.go:69","msg":"Fetch GitHub commit ID from kodata failed: open /var/run/ko/refs/heads/0.8.0-ns-support: no such file or directory"}
{"level":"info","ts":1590029948.7234561,"logger":"fallback-logger","caller":"git/git.go:103","msg":"Successfully cloned https://github.com/cb-kubecd/bdd-gh-1590029317.git @ master in path /workspace/source"}

Showing logs for build [32mcb-kubecd-bdd-gh-1590029317-pr-vzl64-1[0m stage [32mfrom-build-pack[0m and container [32mstep-git-merge[0m
Using SHAs from PULL_REFS=master:07edea01c62decf0aa3f7dbf0f914679959b2fdf,1:75c6e12d6eb3728f9210153b0aa063bd8956cabd
DEBUG: LC_ALL=C JX_LOG_LEVEL=error git fetch origin --unshallow 75c6e12d6eb3728f9210153b0aa063bd8956cabd: 07edea01c62decf0aa3f7dbf0f914679959b2fdf:
DEBUG: ran git fetch --unshallow origin 75c6e12d6eb3728f9210153b0aa063bd8956cabd: 07edea01c62decf0aa3f7dbf0f914679959b2fdf: in 
DEBUG: LC_ALL=C JX_LOG_LEVEL=error git branch
DEBUG: LC_ALL=C JX_LOG_LEVEL=error git checkout master
DEBUG: ran git checkout master in 
DEBUG: LC_ALL=C JX_LOG_LEVEL=error git reset --hard 07edea01c62decf0aa3f7dbf0f914679959b2fdf
DEBUG: ran git reset --hard 07edea01c62decf0aa3f7dbf0f914679959b2fdf in 
DEBUG: LC_ALL=C JX_LOG_LEVEL=error git clean -fd .
DEBUG: ran clean --force -d . in 
DEBUG: LC_ALL=C JX_LOG_LEVEL=error git merge 75c6e12d6eb3728f9210153b0aa063bd8956cabd
DEBUG: ran git merge 75c6e12d6eb3728f9210153b0aa063bd8956cabd in 
DEBUG: JX_LOG_LEVEL=error LC_ALL=C git log --format=%H%x1f%an%x1f%ae%x1f%cn%x1f%ce%x1f%s%n%b%x1e 07edea01c62decf0aa3f7dbf0f914679959b2fdf..HEAD
Merged SHA 75c6e12d6eb3728f9210153b0aa063bd8956cabd with commit message 'My first PR commit' into base branch master

Showing logs for build [32mcb-kubecd-bdd-gh-1590029317-pr-vzl64-1[0m stage [32mfrom-build-pack[0m and container [32mstep-build-make-linux[0m
CGO_ENABLED=0 GOOS=linux GOARCH=amd64 GO15VENDOREXPERIMENT=1 go build -ldflags '' -o bin/bdd-gh-1590029317 main.go

Showing logs for build [32mcb-kubecd-bdd-gh-1590029317-pr-vzl64-1[0m stage [32mfrom-build-pack[0m and container [32mstep-build-container-build[0m
E0521 02:59:22.074192       9 aws_credentials.go:77] while getting AWS credentials NoCredentialProviders: no valid providers in chain. Deprecated.
	For verbose messaging see aws.Config.CredentialsChainVerboseErrors
[36mINFO[0m[0000] Using dockerignore file: /workspace/source/.dockerignore 
[36mINFO[0m[0000] No base image, nothing to extract            
[36mINFO[0m[0000] Built cross stage deps: map[]                
[36mINFO[0m[0000] No base image, nothing to extract            
[36mINFO[0m[0000] Executing 0 build triggers                   
[36mINFO[0m[0001] cmd: EXPOSE                                  
[36mINFO[0m[0001] Adding exposed port: 8080/tcp                
[36mINFO[0m[0001] Checking for cached layer gcr.io/jenkins-x-bdd3/cache:b430c0916f6f90b127bb6eadf9a2945df0e418b5415aad76cef0d92045a58151... 
[36mINFO[0m[0001] Using caching version of cmd: COPY ./bin/ /  
[36mINFO[0m[0001] Skipping unpacking as no commands require it. 
[36mINFO[0m[0001] EXPOSE 8080                                  
[36mINFO[0m[0001] cmd: EXPOSE                                  
[36mINFO[0m[0001] Adding exposed port: 8080/tcp                
[36mINFO[0m[0001] No files changed in this command, skipping snapshotting. 
[36mINFO[0m[0001] ENTRYPOINT ["/bdd-gh-1590029317"]            
[36mINFO[0m[0001] No files changed in this command, skipping snapshotting. 
[36mINFO[0m[0001] COPY ./bin/ /                                
[36mINFO[0m[0001] Found cached layer, extracting to filesystem 

Showing logs for build [32mcb-kubecd-bdd-gh-1590029317-pr-vzl64-1[0m stage [32mfrom-build-pack[0m and container [32mstep-postbuild-post-build[0m
no CVE provider running in the current ** namespace so skip adding image to be analysed

Showing logs for build [32mcb-kubecd-bdd-gh-1590029317-pr-vzl64-1[0m stage [32mfrom-build-pack[0m and container [32mstep-promote-make-preview[0m
sed -i -e "s/version:.*/version: 0.0.0-SNAPSHOT-PR-1-1/" Chart.yaml
sed -i -e "s/version:.*/version: 0.0.0-SNAPSHOT-PR-1-1/" ../*/Chart.yaml
sed -i -e "s|repository:.*|repository: gcr.io\/jenkins-x-bdd3\/bdd-gh-1590029317|" values.yaml
sed -i -e "s/tag:.*/tag: 0.0.0-SNAPSHOT-PR-1-1/" values.yaml
echo "  version: 0.0.0-SNAPSHOT-PR-1-1" >> requirements.yaml
** step helm build
WARNING: No $CHART_REPOSITORY defined so using the default value of: http://jenkins-x-chartmuseum:8080
Adding missing Helm repo: storage.googleapis.com https://storage.googleapis.com/chartmuseum.jenkins-x.io
WARNING: No secrets found on "helm/repos" due: reading the secret "helm/repos" from vault: no secret "helm/repos" not found in vault
Read credentials for https://storage.googleapis.com/chartmuseum.jenkins-x.io from vault helm/repos
Successfully added Helm repository storage.googleapis.com.
Adding missing Helm repo: jenkins-x-chartmuseum http://jenkins-x-chartmuseum:8080
WARNING: No secrets found on "helm/repos" due: reading the secret "helm/repos" from vault: no secret "helm/repos" not found in vault
Read credentials for http://jenkins-x-chartmuseum:8080 from vault helm/repos
Successfully added Helm repository jenkins-x-chartmuseum.
WARNING: No $CHART_REPOSITORY defined so using the default value of: http://jenkins-x-chartmuseum:8080
Adding missing Helm repo: chartmuseum.jenkins-x.io http://chartmuseum.jenkins-x.io
WARNING: No secrets found on "helm/repos" due: reading the secret "helm/repos" from vault: no secret "helm/repos" not found in vault
Read credentials for http://chartmuseum.jenkins-x.io from vault helm/repos
Successfully added Helm repository chartmuseum.jenkins-x.io.

Showing logs for build [32mcb-kubecd-bdd-gh-1590029317-pr-vzl64-1[0m stage [32mfrom-build-pack[0m and container [32mstep-promote-jx-preview[0m
Creating a preview
Created environment cb-kubecd-bdd-gh-1590029317-pr-1
Namespace **-cb-kubecd-bdd-gh-1590029317-pr-1 created 
expose:
  Annotations:
    helm.sh/hook: post-install,post-upgrade
    helm.sh/hook-delete-policy: hook-succeeded
  config:
    domain: 104.155.18.87.nip.io
    exposer: Ingress
    http: "true"
preview:
  image:
    repository: gcr.io/jenkins-x-bdd3/bdd-gh-1590029317
    tag: 0.0.0-SNAPSHOT-PR-1-1

Updating PipelineActivities cb-kubecd-bdd-gh-1590029317-pr-1-1 which has status Running
Preview application is now available at: http://bdd-gh-1590029317.**-cb-kubecd-bdd-gh-1590029317-pr-1.104.155.18.87.nip.io
